<?xml version="1.0" encoding="UTF-8"?>
<testng-results skipped="0" failed="0" ignored="0" total="1" passed="1">
  <reporter-output>
  </reporter-output>
  <suite name="Default Suite" duration-ms="17203" started-at="2020-04-10T14:19:12Z" finished-at="2020-04-10T14:19:29Z">
    <groups>
    </groups>
    <test name="BuySomeUiTest" duration-ms="17203" started-at="2020-04-10T14:19:12Z" finished-at="2020-04-10T14:19:29Z">
      <class name="testCase.AddBrandCase">
        <test-method status="PASS" signature="beforeClass()[pri:0, instance:testCase.AddBrandCase@39fb3ab6]" name="beforeClass" is-config="true" duration-ms="15125" started-at="2020-04-10T22:19:12Z" finished-at="2020-04-10T22:19:27Z">
          <reporter-output>
          </reporter-output>
        </test-method> <!-- beforeClass -->
        <test-method status="PASS" signature="testAddBtand()[pri:0, instance:testCase.AddBrandCase@39fb3ab6]" name="testAddBtand" duration-ms="2067" started-at="2020-04-10T22:19:27Z" finished-at="2020-04-10T22:19:29Z">
          <reporter-output>
          </reporter-output>
        </test-method> <!-- testAddBtand -->
        <test-method status="PASS" signature="afterClass()[pri:0, instance:testCase.AddBrandCase@39fb3ab6]" name="afterClass" is-config="true" duration-ms="0" started-at="2020-04-10T22:19:29Z" finished-at="2020-04-10T22:19:29Z">
          <reporter-output>
          </reporter-output>
        </test-method> <!-- afterClass -->
      </class> <!-- testCase.AddBrandCase -->
    </test> <!-- BuySomeUiTest -->
  </suite> <!-- Default Suite -->
</testng-results>
