<?xml version="1.0" encoding="UTF-8"?>
<testng-results skipped="0" failed="0" ignored="0" total="1" passed="1">
  <reporter-output>
  </reporter-output>
  <suite name="Suite" duration-ms="21009" started-at="2020-04-09T16:15:40Z" finished-at="2020-04-09T16:16:01Z">
    <groups>
    </groups>
    <test name="Test1" duration-ms="21009" started-at="2020-04-09T16:15:40Z" finished-at="2020-04-09T16:16:01Z">
      <class name="testCase.LoginCase">
        <test-method status="PASS" signature="beforeClass()[pri:0, instance:testCase.LoginCase@458ad742]" name="beforeClass" is-config="true" duration-ms="15996" started-at="2020-04-10T00:15:40Z" finished-at="2020-04-10T00:15:56Z">
          <reporter-output>
          </reporter-output>
        </test-method> <!-- beforeClass -->
        <test-method status="PASS" signature="testLogin()[pri:0, instance:testCase.LoginCase@458ad742]" name="testLogin" duration-ms="916" started-at="2020-04-10T00:15:56Z" finished-at="2020-04-10T00:15:57Z">
          <reporter-output>
          </reporter-output>
        </test-method> <!-- testLogin -->
        <test-method status="PASS" signature="afterClass()[pri:0, instance:testCase.LoginCase@458ad742]" name="afterClass" is-config="true" duration-ms="4082" started-at="2020-04-10T00:15:57Z" finished-at="2020-04-10T00:16:01Z">
          <reporter-output>
          </reporter-output>
        </test-method> <!-- afterClass -->
      </class> <!-- testCase.LoginCase -->
    </test> <!-- Test1 -->
  </suite> <!-- Suite -->
</testng-results>
